<?xml version="1.0" encoding="UTF-8"?>
<testng-results skipped="0" failed="0" total="1" passed="1">
  <reporter-output>
  </reporter-output>
  <suite name="Command line suite" duration-ms="6" started-at="2019-05-06T17:10:50Z" finished-at="2019-05-06T17:10:50Z">
    <groups>
    </groups>
    <test name="Command line test" duration-ms="6" started-at="2019-05-06T17:10:50Z" finished-at="2019-05-06T17:10:50Z">
      <class name="mavenForTest.seleniumTest.AppTest">
        <test-method status="PASS" signature="testApp()[pri:0, instance:testApp(mavenForTest.seleniumTest.AppTest)]" name="testApp" duration-ms="1" started-at="2019-05-06T20:10:50Z" finished-at="2019-05-06T20:10:50Z">
          <reporter-output>
          </reporter-output>
        </test-method> <!-- testApp -->
      </class> <!-- mavenForTest.seleniumTest.AppTest -->
    </test> <!-- Command line test -->
  </suite> <!-- Command line suite -->
</testng-results>
