<?xml version="1.0" encoding="UTF-8"?>
<testng-results skipped="0" failed="0" total="1" passed="1">
  <reporter-output>
  </reporter-output>
  <suite name="Command line suite" duration-ms="14" started-at="2019-05-06T17:10:50Z" finished-at="2019-05-06T17:10:50Z">
    <groups>
    </groups>
    <test name="Command line test" duration-ms="14" started-at="2019-05-06T17:10:50Z" finished-at="2019-05-06T17:10:50Z">
      <class name="mavenForTest.seleniumTest.NewTest">
        <test-method status="PASS" signature="exampleOfTestNgMaven()[pri:0, instance:mavenForTest.seleniumTest.NewTest@3f0ee7cb]" name="exampleOfTestNgMaven" duration-ms="6" started-at="2019-05-06T20:10:50Z" finished-at="2019-05-06T20:10:50Z">
          <reporter-output>
          </reporter-output>
        </test-method> <!-- exampleOfTestNgMaven -->
      </class> <!-- mavenForTest.seleniumTest.NewTest -->
    </test> <!-- Command line test -->
  </suite> <!-- Command line suite -->
</testng-results>
